<?xml version="1.0" encoding="UTF-8"?>
<testng-results ignored="0" total="1" passed="1" failed="0" skipped="0">
  <reporter-output>
  </reporter-output>
  <suite started-at="2025-01-22T17:12:24 IST" name="Default suite" finished-at="2025-01-22T17:12:32 IST" duration-ms="8419">
    <groups>
    </groups>
    <test started-at="2025-01-22T17:12:24 IST" name="Default test" finished-at="2025-01-22T17:12:32 IST" duration-ms="8419">
      <class name="com.ExtentReports.ScreenShotaddingtoreportAssign22012025">
        <test-method signature="screesnhotintoreport()[pri:0, instance:com.ExtentReports.ScreenShotaddingtoreportAssign22012025@689604d9]" started-at="2025-01-22T17:12:24 IST" name="screesnhotintoreport" finished-at="2025-01-22T17:12:32 IST" duration-ms="8364" status="PASS">
          <reporter-output>
          </reporter-output>
        </test-method> <!-- screesnhotintoreport -->
      </class> <!-- com.ExtentReports.ScreenShotaddingtoreportAssign22012025 -->
    </test> <!-- Default test -->
  </suite> <!-- Default suite -->
</testng-results>
